[8696:10084:0612/214737:INFO:AppRunner.cpp(619)] Begin run process geeplayer
[8696:10084:0612/214737:INFO:AppRunner.cpp(623)] ProductName is GeePlayer1
[8696:10084:0612/214737:INFO:AppRunner.cpp(662)] apppluginbase version is 4.3.4.80
[8696:10084:0612/214737:INFO:UIlib.cpp(192)] quilib: version is 4.3.4.78
[8696:10084:0612/214737:INFO:serviceManager.cpp(687)] mainprocessisrunning key is set as 1
[8696:10084:0612/214737:INFO:serviceManager.cpp(800)] create local service plugin PluginServerStatePlugin
[8696:10084:0612/214737:INFO:serviceManager.cpp(857)] plugin PluginServerStatePlugin DoPluginInit
[8696:10084:0612/214737:INFO:serviceManager.cpp(1523)] repository parse over
[8696:10084:0612/214738:INFO:UIManager.cpp(372)] quilib:call set resouce path, path is c:\program files (x86)\iqiyi video\geeplayer\2.5.35.3301\skin
[8696:10084:0612/214738:INFO:UIDlgBuilder.cpp(407)] quilib:create root control failed
[8696:10084:0612/214738:INFO:UIDlgBuilder.cpp(407)] quilib:create root control failed
[8696:10084:0612/214738:INFO:UIDlgBuilder.cpp(407)] quilib:create root control failed
[8696:10084:0612/214738:INFO:UIDlgBuilder.cpp(407)] quilib:create root control failed
[8696:10084:0612/214738:INFO:UIDlgBuilder.cpp(407)] quilib:create root control failed
[8696:10084:0612/214738:INFO:UIDlgBuilder.cpp(407)] quilib:create root control failed
[8696:10084:0612/214741:INFO:AppRunner.cpp(715)] loop exit geeplayer call main plugin DestoryPluginEntry
[8696:10084:0612/214741:INFO:IPlugin.cpp(117)] real plugin mainPlugin call DestroyPlugin
[8696:10084:0612/214742:INFO:IPlugin.cpp(374)] destruct plugin mainPlugin
[8696:10084:0612/214742:INFO:serviceManager.cpp(1608)] mainPlugin plugin had destroy by DestructPlugin
[8696:10084:0612/214742:INFO:serviceManager.cpp(2532)] DestructManager begin
[8696:10084:0612/214742:INFO:IPlugin.cpp(374)] destruct plugin PluginServerStatePlugin
[8696:10084:0612/214742:INFO:IPlugin.cpp(286)] real plugin PluginServerStatePlugin call DestroyPlugin
[8696:10084:0612/214742:INFO:serviceManager.cpp(1608)] PluginServerStatePlugin plugin had destroy by DestructPlugin
[8696:10084:0612/214742:INFO:serviceManager.cpp(2408)] DeleteLeftPlugins begin
[8696:10084:0612/214742:INFO:serviceManager.cpp(2470)] DeleteLeftPlugins end
[8696:10084:0612/214742:INFO:serviceManager.cpp(687)] mainprocessisrunning key is set as 0
[8696:10084:0612/214742:INFO:AppRunner.cpp(730)] close mutex of process geeplayer
[8696:10084:0612/214742:INFO:AppRunner.cpp(738)] run process geeplayer end
